Sep 22, 2015 3:48:34 AM org.apache.catalina.core.AprLifecycleListener init
INFO: The APR based Apache Tomcat Native library which allows optimal performance in production environments was not found on the java.library.path: C:\Program Files\Java\jre7\bin;C:\Windows\Sun\Java\bin;C:\Windows\system32;C:\Windows;C:\Program Files (x86)\Common Files\NetSarang;C:\Windows\system32;C:\Windows;C:\Windows\System32\Wbem;C:\Windows\System32\WindowsPowerShell\v1.0\;C:\Program Files\TortoiseSVN\bin;E:\Programs\xampp\php;C:\ProgramData\ComposerSetup\bin;C:\Program Files\nodejs\;C:\Windows\system32;C:\Windows;C:\Windows\System32\Wbem;C:\Program Files (x86)\Java\jdk1.7.0_75\bin;C:\Program Files\SlikSvn\bin;C:\Program Files (x86)\Skype\Phone\;C:\Program Files (x86)\MySQL\MySQL Fabric 1.5.4 & MySQL Utilities 1.5.4 1.5\;C:\Program Files (x86)\MySQL\MySQL Fabric 1.5.4 & MySQL Utilities 1.5.4 1.5\Doctrine extensions for PHP\;C:\Program Files (x86)\QuickTime\QTSystem\;C:\Windows\system32;C:\Windows;C:\Windows\System32\Wbem;C:\Program Files (x86)\Java\jdk1.7.0_75\bin;;.
Sep 22, 2015 3:48:35 AM org.apache.coyote.AbstractProtocol init
INFO: Initializing ProtocolHandler ["http-bio-8080"]
Sep 22, 2015 3:48:35 AM org.apache.coyote.AbstractProtocol init
INFO: Initializing ProtocolHandler ["ajp-bio-8009"]
Sep 22, 2015 3:48:35 AM org.apache.catalina.startup.Catalina load
INFO: Initialization processed in 1419 ms
Sep 22, 2015 3:48:35 AM org.apache.catalina.core.StandardService startInternal
INFO: Starting service Catalina
Sep 22, 2015 3:48:35 AM org.apache.catalina.core.StandardEngine startInternal
INFO: Starting Servlet Engine: Apache Tomcat/7.0.42
Sep 22, 2015 3:48:35 AM org.apache.catalina.startup.HostConfig deployDescriptor
INFO: Deploying configuration descriptor E:\Job\DEV\liferay-portal-6.2-ce-ga2\tomcat-7.0.42\conf\Catalina\localhost\ROOT.xml
Sep 22, 2015 3:55:18 AM org.apache.catalina.startup.HostConfig deployDirectory
INFO: Deploying web application directory E:\Job\DEV\liferay-portal-6.2-ce-ga2\tomcat-7.0.42\webapps\hello-portlet
Sep 22, 2015 3:55:33 AM org.apache.catalina.startup.HostConfig deployDirectory
INFO: Deploying web application directory E:\Job\DEV\liferay-portal-6.2-ce-ga2\tomcat-7.0.42\webapps\hellp-portlet
Sep 22, 2015 3:55:50 AM org.apache.catalina.startup.HostConfig deployDirectory
INFO: Deploying web application directory E:\Job\DEV\liferay-portal-6.2-ce-ga2\tomcat-7.0.42\webapps\marketplace-portlet
Sep 22, 2015 3:58:20 AM org.apache.coyote.AbstractProtocol start
INFO: Starting ProtocolHandler ["http-bio-8080"]
Sep 22, 2015 3:58:20 AM org.apache.coyote.AbstractProtocol start
INFO: Starting ProtocolHandler ["ajp-bio-8009"]
Sep 22, 2015 3:58:20 AM org.apache.catalina.startup.Catalina start
INFO: Server startup in 584784 ms
Sep 22, 2015 4:11:57 AM org.apache.catalina.startup.HostConfig deleteRedeployResources
INFO: Undeploying context [/hellp-portlet]
Sep 22, 2015 4:13:01 AM org.apache.catalina.startup.HostConfig deployDirectory
INFO: Deploying web application directory E:\Job\DEV\liferay-portal-6.2-ce-ga2\tomcat-7.0.42\webapps\hellp-portlet
Sep 22, 2015 4:17:57 AM org.apache.catalina.startup.HostConfig deleteRedeployResources
INFO: Undeploying context [/hellp-portlet]
Sep 22, 2015 4:18:02 AM org.apache.catalina.startup.HostConfig deployDirectory
INFO: Deploying web application directory E:\Job\DEV\liferay-portal-6.2-ce-ga2\tomcat-7.0.42\webapps\hellp-portlet
Sep 22, 2015 4:23:18 AM org.apache.catalina.startup.HostConfig deleteRedeployResources
INFO: Undeploying context [/hellp-portlet]
Sep 22, 2015 4:23:25 AM org.apache.catalina.startup.HostConfig deployDirectory
INFO: Deploying web application directory E:\Job\DEV\liferay-portal-6.2-ce-ga2\tomcat-7.0.42\webapps\hellp-portlet
Sep 22, 2015 4:24:36 AM org.apache.catalina.core.StandardServer await
INFO: A valid shutdown command was received via the shutdown port. Stopping the Server instance.
Sep 22, 2015 4:24:36 AM org.apache.coyote.AbstractProtocol pause
INFO: Pausing ProtocolHandler ["http-bio-8080"]
Sep 22, 2015 4:24:37 AM org.apache.coyote.AbstractProtocol pause
INFO: Pausing ProtocolHandler ["ajp-bio-8009"]
Sep 22, 2015 4:24:37 AM org.apache.catalina.core.StandardService stopInternal
INFO: Stopping service Catalina
Sep 22, 2015 4:25:19 AM org.apache.catalina.loader.WebappClassLoader clearReferencesThreads
SEVERE: The web application [] appears to have started a thread named [org.python.google.common.base.internal.Finalizer] but has failed to stop it. This is very likely to create a memory leak.
Sep 22, 2015 4:25:21 AM org.apache.coyote.AbstractProtocol stop
INFO: Stopping ProtocolHandler ["http-bio-8080"]
Sep 22, 2015 4:25:21 AM org.apache.coyote.AbstractProtocol stop
INFO: Stopping ProtocolHandler ["ajp-bio-8009"]
Sep 22, 2015 4:25:21 AM org.apache.coyote.AbstractProtocol destroy
INFO: Destroying ProtocolHandler ["http-bio-8080"]
Sep 22, 2015 4:25:21 AM org.apache.coyote.AbstractProtocol destroy
INFO: Destroying ProtocolHandler ["ajp-bio-8009"]
Sep 22, 2015 9:08:43 AM org.apache.catalina.core.AprLifecycleListener init
INFO: The APR based Apache Tomcat Native library which allows optimal performance in production environments was not found on the java.library.path: C:\Program Files\Java\jre7\bin;C:\Windows\Sun\Java\bin;C:\Windows\system32;C:\Windows;C:\Program Files (x86)\Common Files\NetSarang;C:\Windows\system32;C:\Windows;C:\Windows\System32\Wbem;C:\Windows\System32\WindowsPowerShell\v1.0\;C:\Program Files\TortoiseSVN\bin;E:\Programs\xampp\php;C:\ProgramData\ComposerSetup\bin;C:\Program Files\nodejs\;C:\Windows\system32;C:\Windows;C:\Windows\System32\Wbem;C:\Program Files (x86)\Java\jdk1.7.0_75\bin;C:\Program Files\SlikSvn\bin;C:\Program Files (x86)\Skype\Phone\;C:\Program Files (x86)\MySQL\MySQL Fabric 1.5.4 & MySQL Utilities 1.5.4 1.5\;C:\Program Files (x86)\MySQL\MySQL Fabric 1.5.4 & MySQL Utilities 1.5.4 1.5\Doctrine extensions for PHP\;C:\Program Files (x86)\QuickTime\QTSystem\;C:\Windows\system32;C:\Windows;C:\Windows\System32\Wbem;C:\Program Files (x86)\Java\jdk1.7.0_75\bin;;.
Sep 22, 2015 9:08:44 AM org.apache.coyote.AbstractProtocol init
INFO: Initializing ProtocolHandler ["http-bio-8080"]
Sep 22, 2015 9:08:45 AM org.apache.coyote.AbstractProtocol init
INFO: Initializing ProtocolHandler ["ajp-bio-8009"]
Sep 22, 2015 9:08:45 AM org.apache.catalina.startup.Catalina load
INFO: Initialization processed in 2108 ms
Sep 22, 2015 9:08:45 AM org.apache.catalina.core.StandardService startInternal
INFO: Starting service Catalina
Sep 22, 2015 9:08:45 AM org.apache.catalina.core.StandardEngine startInternal
INFO: Starting Servlet Engine: Apache Tomcat/7.0.42
Sep 22, 2015 9:08:45 AM org.apache.catalina.startup.HostConfig deployDescriptor
INFO: Deploying configuration descriptor E:\Job\DEV\liferay-portal-6.2-ce-ga2\tomcat-7.0.42\conf\Catalina\localhost\ROOT.xml
Sep 22, 2015 9:15:35 AM org.apache.catalina.startup.HostConfig deployDirectory
INFO: Deploying web application directory E:\Job\DEV\liferay-portal-6.2-ce-ga2\tomcat-7.0.42\webapps\hello-portlet
Sep 22, 2015 9:15:48 AM org.apache.catalina.startup.HostConfig deployDirectory
INFO: Deploying web application directory E:\Job\DEV\liferay-portal-6.2-ce-ga2\tomcat-7.0.42\webapps\hellp-portlet
Sep 22, 2015 9:17:52 AM org.apache.catalina.startup.HostConfig deployDirectory
INFO: Deploying web application directory E:\Job\DEV\liferay-portal-6.2-ce-ga2\tomcat-7.0.42\webapps\marketplace-portlet
Sep 22, 2015 9:18:07 AM org.apache.catalina.startup.ContextConfig processServletContainerInitializers
SEVERE: Failed to process JAR found at URL [jar:file:/E:/Job/DEV/liferay-portal-6.2-ce-ga2/tomcat-7.0.42/temp/2-marketplace-portlet/WEB-INF/lib/jstl-impl.jar!/] for ServletContainerInitializers for context with name [/marketplace-portlet]
Sep 22, 2015 9:18:07 AM org.apache.catalina.startup.ContextConfig configureStart
SEVERE: Marking this application unavailable due to previous error(s)
Sep 22, 2015 9:18:07 AM org.apache.catalina.startup.TldConfig tldScanJar
WARNING: Failed to process JAR [jar:file:/E:/Job/DEV/liferay-portal-6.2-ce-ga2/tomcat-7.0.42/temp/2-marketplace-portlet/WEB-INF/lib/jstl-impl.jar!/] for TLD files
java.util.zip.ZipException: zip file is empty
	at java.util.zip.ZipFile.open(Native Method)
	at java.util.zip.ZipFile.<init>(Unknown Source)
	at java.util.zip.ZipFile.<init>(Unknown Source)
	at java.util.jar.JarFile.<init>(Unknown Source)
	at java.util.jar.JarFile.<init>(Unknown Source)
	at sun.net.www.protocol.jar.URLJarFile.<init>(Unknown Source)
	at sun.net.www.protocol.jar.URLJarFile.getJarFile(Unknown Source)
	at sun.net.www.protocol.jar.JarFileFactory.get(Unknown Source)
	at sun.net.www.protocol.jar.JarURLConnection.connect(Unknown Source)
	at sun.net.www.protocol.jar.JarURLConnection.getJarFile(Unknown Source)
	at org.apache.tomcat.util.scan.FileUrlJar.<init>(FileUrlJar.java:41)
	at org.apache.tomcat.util.scan.JarFactory.newInstance(JarFactory.java:34)
	at org.apache.catalina.startup.TldConfig.tldScanJar(TldConfig.java:489)
	at org.apache.catalina.startup.TldConfig.access$100(TldConfig.java:59)
	at org.apache.catalina.startup.TldConfig$TldJarScannerCallback.scan(TldConfig.java:305)
	at org.apache.tomcat.util.scan.StandardJarScanner.process(StandardJarScanner.java:259)
	at org.apache.tomcat.util.scan.StandardJarScanner.scan(StandardJarScanner.java:178)
	at org.apache.catalina.startup.TldConfig.execute(TldConfig.java:278)
	at org.apache.catalina.startup.TldConfig.lifecycleEvent(TldConfig.java:569)
	at org.apache.catalina.util.LifecycleSupport.fireLifecycleEvent(LifecycleSupport.java:119)
	at org.apache.catalina.util.LifecycleBase.fireLifecycleEvent(LifecycleBase.java:90)
	at org.apache.catalina.core.StandardContext.startInternal(StandardContext.java:5322)
	at org.apache.catalina.util.LifecycleBase.start(LifecycleBase.java:150)
	at org.apache.catalina.core.ContainerBase.addChildInternal(ContainerBase.java:901)
	at org.apache.catalina.core.ContainerBase.addChild(ContainerBase.java:877)
	at org.apache.catalina.core.StandardHost.addChild(StandardHost.java:633)
	at org.apache.catalina.startup.HostConfig.deployDirectory(HostConfig.java:1113)
	at org.apache.catalina.startup.HostConfig$DeployDirectory.run(HostConfig.java:1671)
	at java.util.concurrent.Executors$RunnableAdapter.call(Unknown Source)
	at java.util.concurrent.FutureTask$Sync.innerRun(Unknown Source)
	at java.util.concurrent.FutureTask.run(Unknown Source)
	at java.util.concurrent.ThreadPoolExecutor.runWorker(Unknown Source)
	at java.util.concurrent.ThreadPoolExecutor$Worker.run(Unknown Source)
	at java.lang.Thread.run(Unknown Source)

Sep 22, 2015 9:18:08 AM org.apache.catalina.core.StandardContext startInternal
SEVERE: Error getConfigured
Sep 22, 2015 9:18:08 AM org.apache.catalina.core.StandardContext startInternal
SEVERE: Context [/marketplace-portlet] startup failed due to previous errors
Sep 22, 2015 9:18:10 AM org.apache.coyote.AbstractProtocol start
INFO: Starting ProtocolHandler ["http-bio-8080"]
Sep 22, 2015 9:18:10 AM org.apache.coyote.AbstractProtocol start
INFO: Starting ProtocolHandler ["ajp-bio-8009"]
Sep 22, 2015 9:18:10 AM org.apache.catalina.startup.Catalina start
INFO: Server startup in 565477 ms
Sep 22, 2015 9:19:01 AM org.apache.catalina.startup.HostConfig deleteRedeployResources
INFO: Undeploying context [/marketplace-portlet]
Sep 22, 2015 9:19:01 AM org.apache.catalina.startup.HostConfig deployDirectory
INFO: Deploying web application directory E:\Job\DEV\liferay-portal-6.2-ce-ga2\tomcat-7.0.42\webapps\marketplace-portlet
Sep 22, 2015 9:26:43 AM org.apache.catalina.startup.HostConfig deleteRedeployResources
INFO: Undeploying context [/hellp-portlet]
Sep 22, 2015 9:27:00 AM org.apache.catalina.core.StandardServer await
INFO: A valid shutdown command was received via the shutdown port. Stopping the Server instance.
Sep 22, 2015 9:27:00 AM org.apache.coyote.AbstractProtocol pause
INFO: Pausing ProtocolHandler ["http-bio-8080"]
Sep 22, 2015 9:27:00 AM org.apache.coyote.AbstractProtocol pause
INFO: Pausing ProtocolHandler ["ajp-bio-8009"]
Sep 22, 2015 9:27:00 AM org.apache.catalina.core.StandardService stopInternal
INFO: Stopping service Catalina
Sep 22, 2015 9:27:17 AM org.apache.catalina.startup.HostConfig deployDirectories
SEVERE: Error waiting for multi-thread deployment of directories to completehostConfig.deployWar=Deploying web application archive {0}
java.lang.InterruptedException
	at java.util.concurrent.locks.AbstractQueuedSynchronizer.acquireSharedInterruptibly(Unknown Source)
	at java.util.concurrent.FutureTask$Sync.innerGet(Unknown Source)
	at java.util.concurrent.FutureTask.get(Unknown Source)
	at org.apache.catalina.startup.HostConfig.deployDirectories(HostConfig.java:1036)
	at org.apache.catalina.startup.HostConfig.deployApps(HostConfig.java:478)
	at org.apache.catalina.startup.HostConfig.check(HostConfig.java:1448)
	at org.apache.catalina.startup.HostConfig.lifecycleEvent(HostConfig.java:315)
	at org.apache.catalina.util.LifecycleSupport.fireLifecycleEvent(LifecycleSupport.java:119)
	at org.apache.catalina.util.LifecycleBase.fireLifecycleEvent(LifecycleBase.java:90)
	at org.apache.catalina.core.ContainerBase.backgroundProcess(ContainerBase.java:1374)
	at org.apache.catalina.core.ContainerBase$ContainerBackgroundProcessor.processChildren(ContainerBase.java:1530)
	at org.apache.catalina.core.ContainerBase$ContainerBackgroundProcessor.processChildren(ContainerBase.java:1540)
	at org.apache.catalina.core.ContainerBase$ContainerBackgroundProcessor.run(ContainerBase.java:1519)
	at java.lang.Thread.run(Unknown Source)

Sep 22, 2015 9:27:18 AM org.apache.catalina.startup.HostConfig deployDirectory
INFO: Deploying web application directory E:\Job\DEV\liferay-portal-6.2-ce-ga2\tomcat-7.0.42\webapps\hellp-portlet
Sep 22, 2015 9:27:27 AM org.apache.catalina.loader.WebappClassLoader clearReferencesThreads
SEVERE: The web application [] appears to have started a thread named [org.python.google.common.base.internal.Finalizer] but has failed to stop it. This is very likely to create a memory leak.
Sep 22, 2015 9:27:28 AM org.apache.coyote.AbstractProtocol stop
INFO: Stopping ProtocolHandler ["http-bio-8080"]
Sep 22, 2015 9:27:28 AM org.apache.coyote.AbstractProtocol stop
INFO: Stopping ProtocolHandler ["ajp-bio-8009"]
Sep 22, 2015 9:27:28 AM org.apache.coyote.AbstractProtocol destroy
INFO: Destroying ProtocolHandler ["http-bio-8080"]
Sep 22, 2015 9:27:28 AM org.apache.coyote.AbstractProtocol destroy
INFO: Destroying ProtocolHandler ["ajp-bio-8009"]
Sep 22, 2015 9:30:24 AM org.apache.catalina.core.AprLifecycleListener init
INFO: The APR based Apache Tomcat Native library which allows optimal performance in production environments was not found on the java.library.path: C:\Program Files\Java\jre7\bin;C:\Windows\Sun\Java\bin;C:\Windows\system32;C:\Windows;C:\Program Files (x86)\Common Files\NetSarang;C:\Windows\system32;C:\Windows;C:\Windows\System32\Wbem;C:\Windows\System32\WindowsPowerShell\v1.0\;C:\Program Files\TortoiseSVN\bin;E:\Programs\xampp\php;C:\ProgramData\ComposerSetup\bin;C:\Program Files\nodejs\;C:\Windows\system32;C:\Windows;C:\Windows\System32\Wbem;C:\Program Files (x86)\Java\jdk1.7.0_75\bin;C:\Program Files\SlikSvn\bin;C:\Program Files (x86)\Skype\Phone\;C:\Program Files (x86)\MySQL\MySQL Fabric 1.5.4 & MySQL Utilities 1.5.4 1.5\;C:\Program Files (x86)\MySQL\MySQL Fabric 1.5.4 & MySQL Utilities 1.5.4 1.5\Doctrine extensions for PHP\;C:\Program Files (x86)\QuickTime\QTSystem\;C:\Windows\system32;C:\Windows;C:\Windows\System32\Wbem;C:\Program Files (x86)\Java\jdk1.7.0_75\bin;;.
Sep 22, 2015 9:30:25 AM org.apache.coyote.AbstractProtocol init
INFO: Initializing ProtocolHandler ["http-bio-8080"]
Sep 22, 2015 9:30:25 AM org.apache.coyote.AbstractProtocol init
INFO: Initializing ProtocolHandler ["ajp-bio-8009"]
Sep 22, 2015 9:30:25 AM org.apache.catalina.startup.Catalina load
INFO: Initialization processed in 1504 ms
Sep 22, 2015 9:30:25 AM org.apache.catalina.core.StandardService startInternal
INFO: Starting service Catalina
Sep 22, 2015 9:30:25 AM org.apache.catalina.core.StandardEngine startInternal
INFO: Starting Servlet Engine: Apache Tomcat/7.0.42
Sep 22, 2015 9:30:25 AM org.apache.catalina.startup.HostConfig deployDescriptor
INFO: Deploying configuration descriptor E:\Job\DEV\liferay-portal-6.2-ce-ga2\tomcat-7.0.42\conf\Catalina\localhost\ROOT.xml
Sep 22, 2015 9:38:08 AM org.apache.catalina.startup.HostConfig deployDirectory
INFO: Deploying web application directory E:\Job\DEV\liferay-portal-6.2-ce-ga2\tomcat-7.0.42\webapps\hello-portlet
Sep 22, 2015 9:38:27 AM org.apache.catalina.startup.HostConfig deployDirectory
INFO: Deploying web application directory E:\Job\DEV\liferay-portal-6.2-ce-ga2\tomcat-7.0.42\webapps\hellp-portlet
Sep 22, 2015 9:38:31 AM org.apache.catalina.startup.HostConfig deployDirectory
INFO: Deploying web application directory E:\Job\DEV\liferay-portal-6.2-ce-ga2\tomcat-7.0.42\webapps\marketplace-portlet
Sep 22, 2015 9:39:05 AM org.apache.coyote.AbstractProtocol start
INFO: Starting ProtocolHandler ["http-bio-8080"]
Sep 22, 2015 9:39:05 AM org.apache.coyote.AbstractProtocol start
INFO: Starting ProtocolHandler ["ajp-bio-8009"]
Sep 22, 2015 9:39:05 AM org.apache.catalina.startup.Catalina start
INFO: Server startup in 519928 ms
Sep 22, 2015 10:33:34 AM org.apache.catalina.startup.HostConfig deleteRedeployResources
INFO: Undeploying context [/hellp-portlet]
Sep 22, 2015 10:35:02 AM org.apache.catalina.startup.HostConfig deployDirectory
INFO: Deploying web application directory E:\Job\DEV\liferay-portal-6.2-ce-ga2\tomcat-7.0.42\webapps\hellp-portlet
