Sep 21, 2015 6:43:38 AM org.apache.catalina.core.AprLifecycleListener init
INFO: The APR based Apache Tomcat Native library which allows optimal performance in production environments was not found on the java.library.path: C:\Program Files\Java\jre7\bin;C:\Windows\Sun\Java\bin;C:\Windows\system32;C:\Windows;C:\Program Files (x86)\Common Files\NetSarang;C:\Windows\system32;C:\Windows;C:\Windows\System32\Wbem;C:\Windows\System32\WindowsPowerShell\v1.0\;C:\Program Files\TortoiseSVN\bin;E:\Programs\xampp\php;C:\ProgramData\ComposerSetup\bin;C:\Program Files\nodejs\;C:\Windows\system32;C:\Windows;C:\Windows\System32\Wbem;C:\Program Files (x86)\Java\jdk1.7.0_75\bin;C:\Program Files\SlikSvn\bin;C:\Program Files (x86)\Skype\Phone\;C:\Program Files (x86)\MySQL\MySQL Fabric 1.5.4 & MySQL Utilities 1.5.4 1.5\;C:\Program Files (x86)\MySQL\MySQL Fabric 1.5.4 & MySQL Utilities 1.5.4 1.5\Doctrine extensions for PHP\;C:\Program Files (x86)\QuickTime\QTSystem\;C:\Windows\system32;C:\Windows;C:\Windows\System32\Wbem;C:\Program Files (x86)\Java\jdk1.7.0_75\bin;;.
Sep 21, 2015 6:43:42 AM org.apache.coyote.AbstractProtocol init
INFO: Initializing ProtocolHandler ["http-bio-8080"]
Sep 21, 2015 6:43:42 AM org.apache.coyote.AbstractProtocol init
INFO: Initializing ProtocolHandler ["ajp-bio-8009"]
Sep 21, 2015 6:43:42 AM org.apache.catalina.startup.Catalina load
INFO: Initialization processed in 7420 ms
Sep 21, 2015 6:43:42 AM org.apache.catalina.core.StandardService startInternal
INFO: Starting service Catalina
Sep 21, 2015 6:43:42 AM org.apache.catalina.core.StandardEngine startInternal
INFO: Starting Servlet Engine: Apache Tomcat/7.0.42
Sep 21, 2015 6:43:43 AM org.apache.catalina.startup.HostConfig deployDescriptor
INFO: Deploying configuration descriptor E:\Job\DEV\liferay-portal-6.2-ce-ga2\tomcat-7.0.42\conf\Catalina\localhost\ROOT.xml
Sep 21, 2015 6:50:09 AM org.apache.coyote.AbstractProtocol start
INFO: Starting ProtocolHandler ["http-bio-8080"]
Sep 21, 2015 6:50:09 AM org.apache.coyote.AbstractProtocol start
INFO: Starting ProtocolHandler ["ajp-bio-8009"]
Sep 21, 2015 6:50:09 AM org.apache.catalina.startup.Catalina start
INFO: Server startup in 386585 ms
Sep 21, 2015 6:50:19 AM org.apache.catalina.startup.HostConfig deployDirectory
INFO: Deploying web application directory E:\Job\DEV\liferay-portal-6.2-ce-ga2\tomcat-7.0.42\webapps\hello-portlet
Sep 21, 2015 6:55:08 AM org.apache.catalina.startup.HostConfig deleteRedeployResources
INFO: Undeploying context [/hello-portlet]
Sep 21, 2015 6:55:53 AM org.apache.catalina.core.StandardServer await
INFO: A valid shutdown command was received via the shutdown port. Stopping the Server instance.
Sep 21, 2015 6:55:53 AM org.apache.coyote.AbstractProtocol pause
INFO: Pausing ProtocolHandler ["http-bio-8080"]
Sep 21, 2015 6:55:55 AM org.apache.coyote.AbstractProtocol pause
INFO: Pausing ProtocolHandler ["ajp-bio-8009"]
Sep 21, 2015 6:55:56 AM org.apache.catalina.core.StandardService stopInternal
INFO: Stopping service Catalina
Sep 21, 2015 6:56:29 AM org.apache.catalina.loader.WebappClassLoader clearReferencesThreads
SEVERE: The web application [] appears to have started a thread named [org.python.google.common.base.internal.Finalizer] but has failed to stop it. This is very likely to create a memory leak.
Sep 21, 2015 6:56:30 AM org.apache.coyote.AbstractProtocol stop
INFO: Stopping ProtocolHandler ["http-bio-8080"]
Sep 21, 2015 6:56:30 AM org.apache.coyote.AbstractProtocol stop
INFO: Stopping ProtocolHandler ["ajp-bio-8009"]
Sep 21, 2015 6:56:30 AM org.apache.coyote.AbstractProtocol destroy
INFO: Destroying ProtocolHandler ["http-bio-8080"]
Sep 21, 2015 6:56:30 AM org.apache.coyote.AbstractProtocol destroy
INFO: Destroying ProtocolHandler ["ajp-bio-8009"]
Sep 21, 2015 6:57:05 AM org.apache.catalina.core.AprLifecycleListener init
INFO: The APR based Apache Tomcat Native library which allows optimal performance in production environments was not found on the java.library.path: C:\Program Files\Java\jre7\bin;C:\Windows\Sun\Java\bin;C:\Windows\system32;C:\Windows;C:\Program Files (x86)\Common Files\NetSarang;C:\Windows\system32;C:\Windows;C:\Windows\System32\Wbem;C:\Windows\System32\WindowsPowerShell\v1.0\;C:\Program Files\TortoiseSVN\bin;E:\Programs\xampp\php;C:\ProgramData\ComposerSetup\bin;C:\Program Files\nodejs\;C:\Windows\system32;C:\Windows;C:\Windows\System32\Wbem;C:\Program Files (x86)\Java\jdk1.7.0_75\bin;C:\Program Files\SlikSvn\bin;C:\Program Files (x86)\Skype\Phone\;C:\Program Files (x86)\MySQL\MySQL Fabric 1.5.4 & MySQL Utilities 1.5.4 1.5\;C:\Program Files (x86)\MySQL\MySQL Fabric 1.5.4 & MySQL Utilities 1.5.4 1.5\Doctrine extensions for PHP\;C:\Program Files (x86)\QuickTime\QTSystem\;C:\Windows\system32;C:\Windows;C:\Windows\System32\Wbem;C:\Program Files (x86)\Java\jdk1.7.0_75\bin;;.
Sep 21, 2015 6:57:07 AM org.apache.coyote.AbstractProtocol init
INFO: Initializing ProtocolHandler ["http-bio-8080"]
Sep 21, 2015 6:57:07 AM org.apache.coyote.AbstractProtocol init
INFO: Initializing ProtocolHandler ["ajp-bio-8009"]
Sep 21, 2015 6:57:07 AM org.apache.catalina.startup.Catalina load
INFO: Initialization processed in 2153 ms
Sep 21, 2015 6:57:07 AM org.apache.catalina.core.StandardService startInternal
INFO: Starting service Catalina
Sep 21, 2015 6:57:07 AM org.apache.catalina.core.StandardEngine startInternal
INFO: Starting Servlet Engine: Apache Tomcat/7.0.42
Sep 21, 2015 6:57:07 AM org.apache.catalina.startup.HostConfig deployDescriptor
INFO: Deploying configuration descriptor E:\Job\DEV\liferay-portal-6.2-ce-ga2\tomcat-7.0.42\conf\Catalina\localhost\ROOT.xml
Sep 21, 2015 7:02:45 AM org.apache.coyote.AbstractProtocol start
INFO: Starting ProtocolHandler ["http-bio-8080"]
Sep 21, 2015 7:02:45 AM org.apache.coyote.AbstractProtocol start
INFO: Starting ProtocolHandler ["ajp-bio-8009"]
Sep 21, 2015 7:02:45 AM org.apache.catalina.startup.Catalina start
INFO: Server startup in 338119 ms
Sep 21, 2015 7:06:52 AM org.apache.catalina.startup.HostConfig deployDirectory
INFO: Deploying web application directory E:\Job\DEV\liferay-portal-6.2-ce-ga2\tomcat-7.0.42\webapps\marketplace-portlet
Sep 21, 2015 8:35:42 AM org.apache.catalina.core.AprLifecycleListener init
INFO: The APR based Apache Tomcat Native library which allows optimal performance in production environments was not found on the java.library.path: C:\Program Files\Java\jre7\bin;C:\Windows\Sun\Java\bin;C:\Windows\system32;C:\Windows;C:\Program Files (x86)\Common Files\NetSarang;C:\Windows\system32;C:\Windows;C:\Windows\System32\Wbem;C:\Windows\System32\WindowsPowerShell\v1.0\;C:\Program Files\TortoiseSVN\bin;E:\Programs\xampp\php;C:\ProgramData\ComposerSetup\bin;C:\Program Files\nodejs\;C:\Windows\system32;C:\Windows;C:\Windows\System32\Wbem;C:\Program Files (x86)\Java\jdk1.7.0_75\bin;C:\Program Files\SlikSvn\bin;C:\Program Files (x86)\Skype\Phone\;C:\Program Files (x86)\MySQL\MySQL Fabric 1.5.4 & MySQL Utilities 1.5.4 1.5\;C:\Program Files (x86)\MySQL\MySQL Fabric 1.5.4 & MySQL Utilities 1.5.4 1.5\Doctrine extensions for PHP\;C:\Program Files (x86)\QuickTime\QTSystem\;C:\Windows\system32;C:\Windows;C:\Windows\System32\Wbem;C:\Program Files (x86)\Java\jdk1.7.0_75\bin;;.
Sep 21, 2015 8:35:43 AM org.apache.coyote.AbstractProtocol init
INFO: Initializing ProtocolHandler ["http-bio-8080"]
Sep 21, 2015 8:35:43 AM org.apache.coyote.AbstractProtocol init
INFO: Initializing ProtocolHandler ["ajp-bio-8009"]
Sep 21, 2015 8:35:43 AM org.apache.catalina.startup.Catalina load
INFO: Initialization processed in 1566 ms
Sep 21, 2015 8:35:43 AM org.apache.catalina.core.StandardService startInternal
INFO: Starting service Catalina
Sep 21, 2015 8:35:43 AM org.apache.catalina.core.StandardEngine startInternal
INFO: Starting Servlet Engine: Apache Tomcat/7.0.42
Sep 21, 2015 8:35:43 AM org.apache.catalina.startup.HostConfig deployDescriptor
INFO: Deploying configuration descriptor E:\Job\DEV\liferay-portal-6.2-ce-ga2\tomcat-7.0.42\conf\Catalina\localhost\ROOT.xml
Sep 21, 2015 8:41:13 AM org.apache.catalina.core.AprLifecycleListener init
INFO: The APR based Apache Tomcat Native library which allows optimal performance in production environments was not found on the java.library.path: C:\Program Files\Java\jre7\bin;C:\Windows\Sun\Java\bin;C:\Windows\system32;C:\Windows;C:\Program Files (x86)\Common Files\NetSarang;C:\Windows\system32;C:\Windows;C:\Windows\System32\Wbem;C:\Windows\System32\WindowsPowerShell\v1.0\;C:\Program Files\TortoiseSVN\bin;E:\Programs\xampp\php;C:\ProgramData\ComposerSetup\bin;C:\Program Files\nodejs\;C:\Windows\system32;C:\Windows;C:\Windows\System32\Wbem;C:\Program Files (x86)\Java\jdk1.7.0_75\bin;C:\Program Files\SlikSvn\bin;C:\Program Files (x86)\Skype\Phone\;C:\Program Files (x86)\MySQL\MySQL Fabric 1.5.4 & MySQL Utilities 1.5.4 1.5\;C:\Program Files (x86)\MySQL\MySQL Fabric 1.5.4 & MySQL Utilities 1.5.4 1.5\Doctrine extensions for PHP\;C:\Program Files (x86)\QuickTime\QTSystem\;C:\Windows\system32;C:\Windows;C:\Windows\System32\Wbem;C:\Program Files (x86)\Java\jdk1.7.0_75\bin;;.
Sep 21, 2015 8:41:13 AM org.apache.coyote.AbstractProtocol init
INFO: Initializing ProtocolHandler ["http-bio-8080"]
Sep 21, 2015 8:41:13 AM org.apache.coyote.AbstractProtocol init
INFO: Initializing ProtocolHandler ["ajp-bio-8009"]
Sep 21, 2015 8:41:13 AM org.apache.catalina.startup.Catalina load
INFO: Initialization processed in 872 ms
Sep 21, 2015 8:41:14 AM org.apache.catalina.core.StandardService startInternal
INFO: Starting service Catalina
Sep 21, 2015 8:41:14 AM org.apache.catalina.core.StandardEngine startInternal
INFO: Starting Servlet Engine: Apache Tomcat/7.0.42
Sep 21, 2015 8:41:14 AM org.apache.catalina.startup.HostConfig deployDescriptor
INFO: Deploying configuration descriptor E:\Job\DEV\liferay-portal-6.2-ce-ga2\tomcat-7.0.42\conf\Catalina\localhost\ROOT.xml
Sep 21, 2015 8:44:04 AM org.apache.catalina.core.AprLifecycleListener init
INFO: The APR based Apache Tomcat Native library which allows optimal performance in production environments was not found on the java.library.path: C:\Program Files\Java\jre7\bin;C:\Windows\Sun\Java\bin;C:\Windows\system32;C:\Windows;C:\Program Files (x86)\Common Files\NetSarang;C:\Windows\system32;C:\Windows;C:\Windows\System32\Wbem;C:\Windows\System32\WindowsPowerShell\v1.0\;C:\Program Files\TortoiseSVN\bin;E:\Programs\xampp\php;C:\ProgramData\ComposerSetup\bin;C:\Program Files\nodejs\;C:\Windows\system32;C:\Windows;C:\Windows\System32\Wbem;C:\Program Files (x86)\Java\jdk1.7.0_75\bin;C:\Program Files\SlikSvn\bin;C:\Program Files (x86)\Skype\Phone\;C:\Program Files (x86)\MySQL\MySQL Fabric 1.5.4 & MySQL Utilities 1.5.4 1.5\;C:\Program Files (x86)\MySQL\MySQL Fabric 1.5.4 & MySQL Utilities 1.5.4 1.5\Doctrine extensions for PHP\;C:\Program Files (x86)\QuickTime\QTSystem\;C:\Windows\system32;C:\Windows;C:\Windows\System32\Wbem;C:\Program Files (x86)\Java\jdk1.7.0_75\bin;;.
Sep 21, 2015 8:44:04 AM org.apache.coyote.AbstractProtocol init
INFO: Initializing ProtocolHandler ["http-bio-8080"]
Sep 21, 2015 8:44:04 AM org.apache.coyote.AbstractProtocol init
INFO: Initializing ProtocolHandler ["ajp-bio-8009"]
Sep 21, 2015 8:44:04 AM org.apache.catalina.startup.Catalina load
INFO: Initialization processed in 808 ms
Sep 21, 2015 8:44:04 AM org.apache.catalina.core.StandardService startInternal
INFO: Starting service Catalina
Sep 21, 2015 8:44:04 AM org.apache.catalina.core.StandardEngine startInternal
INFO: Starting Servlet Engine: Apache Tomcat/7.0.42
Sep 21, 2015 8:44:04 AM org.apache.catalina.startup.HostConfig deployDescriptor
INFO: Deploying configuration descriptor E:\Job\DEV\liferay-portal-6.2-ce-ga2\tomcat-7.0.42\conf\Catalina\localhost\ROOT.xml
Sep 21, 2015 8:46:22 AM org.apache.catalina.startup.HostConfig deployDirectory
INFO: Deploying web application directory E:\Job\DEV\liferay-portal-6.2-ce-ga2\tomcat-7.0.42\webapps\marketplace-portlet
Sep 21, 2015 8:46:27 AM org.apache.coyote.AbstractProtocol start
INFO: Starting ProtocolHandler ["http-bio-8080"]
Sep 21, 2015 8:46:27 AM org.apache.coyote.AbstractProtocol start
INFO: Starting ProtocolHandler ["ajp-bio-8009"]
Sep 21, 2015 8:46:27 AM org.apache.catalina.startup.Catalina start
INFO: Server startup in 143232 ms
Sep 21, 2015 9:07:58 AM org.apache.catalina.startup.HostConfig deployDirectory
INFO: Deploying web application directory E:\Job\DEV\liferay-portal-6.2-ce-ga2\tomcat-7.0.42\webapps\hello-portlet
Sep 21, 2015 9:19:58 AM org.apache.catalina.startup.HostConfig deployDirectory
INFO: Deploying web application directory E:\Job\DEV\liferay-portal-6.2-ce-ga2\tomcat-7.0.42\webapps\hellp-portlet
